<?xml version="1.0" encoding="UTF-8"?>
<coverage generated="1777925848207" clover="3.2.0">
  <project timestamp="1777925848207" name="All files">
    <metrics statements="130" coveredstatements="117" conditionals="108" coveredconditionals="90" methods="68" coveredmethods="51" elements="306" coveredelements="258" complexity="0" loc="130" ncloc="130" packages="13" files="13" classes="13"/>
    <package name="src">
      <metrics statements="1" coveredstatements="1" conditionals="0" coveredconditionals="0" methods="0" coveredmethods="0"/>
      <file name="ThemeSettings.ts" path="/home/anna/code/Trelloclone/Trello/src/ThemeSettings.ts">
        <metrics statements="1" coveredstatements="1" conditionals="0" coveredconditionals="0" methods="0" coveredmethods="0"/>
        <line num="1" count="3" type="stmt"/>
      </file>
    </package>
    <package name="src.components.CreateModal">
      <metrics statements="18" coveredstatements="14" conditionals="27" coveredconditionals="22" methods="7" coveredmethods="5"/>
      <file name="CreateModal.tsx" path="/home/anna/code/Trelloclone/Trello/src/components/CreateModal/CreateModal.tsx">
        <metrics statements="18" coveredstatements="14" conditionals="27" coveredconditionals="22" methods="7" coveredmethods="5"/>
        <line num="38" count="56" type="stmt"/>
        <line num="44" count="56" type="stmt"/>
        <line num="45" count="22" type="cond" truecount="2" falsecount="0"/>
        <line num="48" count="56" type="stmt"/>
        <line num="49" count="22" type="cond" truecount="4" falsecount="0"/>
        <line num="50" count="11" type="stmt"/>
        <line num="54" count="56" type="stmt"/>
        <line num="55" count="24" type="cond" truecount="2" falsecount="0"/>
        <line num="56" count="2" type="stmt"/>
        <line num="64" count="56" type="cond" truecount="2" falsecount="0"/>
        <line num="68" count="4" type="cond" truecount="2" falsecount="0"/>
        <line num="70" count="56" type="stmt"/>
        <line num="71" count="0" type="stmt"/>
        <line num="76" count="0" type="stmt"/>
        <line num="77" count="0" type="stmt"/>
        <line num="80" count="56" type="stmt"/>
        <line num="82" count="0" type="stmt"/>
        <line num="110" count="2" type="stmt"/>
      </file>
    </package>
    <package name="src.components.EditModal">
      <metrics statements="13" coveredstatements="10" conditionals="17" coveredconditionals="14" methods="5" coveredmethods="3"/>
      <file name="EditModal.tsx" path="/home/anna/code/Trelloclone/Trello/src/components/EditModal/EditModal.tsx">
        <metrics statements="13" coveredstatements="10" conditionals="17" coveredconditionals="14" methods="5" coveredmethods="3"/>
        <line num="37" count="84" type="stmt"/>
        <line num="44" count="84" type="stmt"/>
        <line num="45" count="33" type="cond" truecount="2" falsecount="0"/>
        <line num="48" count="84" type="stmt"/>
        <line num="49" count="36" type="cond" truecount="2" falsecount="0"/>
        <line num="50" count="3" type="stmt"/>
        <line num="57" count="84" type="cond" truecount="2" falsecount="0"/>
        <line num="59" count="84" type="cond" truecount="2" falsecount="0"/>
        <line num="61" count="6" type="stmt"/>
        <line num="62" count="0" type="stmt"/>
        <line num="67" count="0" type="stmt"/>
        <line num="70" count="6" type="stmt"/>
        <line num="72" count="0" type="stmt"/>
      </file>
    </package>
    <package name="src.pages.Board">
      <metrics statements="31" coveredstatements="26" conditionals="20" coveredconditionals="14" methods="22" coveredmethods="10"/>
      <file name="Board.tsx" path="/home/anna/code/Trelloclone/Trello/src/pages/Board/Board.tsx">
        <metrics statements="31" coveredstatements="26" conditionals="20" coveredconditionals="14" methods="22" coveredmethods="10"/>
        <line num="14" count="18" type="stmt"/>
        <line num="16" count="18" type="stmt"/>
        <line num="17" count="18" type="stmt"/>
        <line num="18" count="18" type="stmt"/>
        <line num="19" count="18" type="stmt"/>
        <line num="20" count="18" type="stmt"/>
        <line num="22" count="18" type="stmt"/>
        <line num="23" count="13" type="cond" truecount="2" falsecount="0"/>
        <line num="26" count="18" type="cond" truecount="1" falsecount="1"/>
        <line num="28" count="18" type="stmt"/>
        <line num="29" count="18" type="stmt"/>
        <line num="30" count="18" type="stmt"/>
        <line num="32" count="18" type="cond" truecount="2" falsecount="0"/>
        <line num="33" count="1" type="stmt"/>
        <line num="41" count="17" type="cond" truecount="4" falsecount="0"/>
        <line num="43" count="16" type="stmt"/>
        <line num="45" count="16" type="stmt"/>
        <line num="68" count="1" type="stmt"/>
        <line num="74" count="1" type="stmt"/>
        <line num="80" count="1" type="stmt"/>
        <line num="93" count="16" type="stmt"/>
        <line num="99" count="1" type="stmt"/>
        <line num="101" count="1" type="stmt"/>
        <line num="103" count="1" type="stmt"/>
        <line num="104" count="1" type="cond" truecount="1" falsecount="1"/>
        <line num="105" count="1" type="stmt"/>
        <line num="118" count="0" type="stmt"/>
        <line num="119" count="0" type="stmt"/>
        <line num="120" count="0" type="cond" truecount="2" falsecount="2"/>
        <line num="121" count="0" type="cond" truecount="2" falsecount="2"/>
        <line num="122" count="0" type="stmt"/>
      </file>
    </package>
    <package name="src.pages.Board.components.Card">
      <metrics statements="5" coveredstatements="5" conditionals="0" coveredconditionals="0" methods="3" coveredmethods="3"/>
      <file name="Card.tsx" path="/home/anna/code/Trelloclone/Trello/src/pages/Board/components/Card/Card.tsx">
        <metrics statements="5" coveredstatements="5" conditionals="0" coveredconditionals="0" methods="3" coveredmethods="3"/>
        <line num="11" count="20" type="stmt"/>
        <line num="22" count="3" type="stmt"/>
        <line num="23" count="3" type="stmt"/>
        <line num="33" count="2" type="stmt"/>
        <line num="34" count="2" type="stmt"/>
      </file>
    </package>
    <package name="src.pages.Board.components.List">
      <metrics statements="12" coveredstatements="11" conditionals="2" coveredconditionals="2" methods="8" coveredmethods="7"/>
      <file name="List.tsx" path="/home/anna/code/Trelloclone/Trello/src/pages/Board/components/List/List.tsx">
        <metrics statements="12" coveredstatements="11" conditionals="2" coveredconditionals="2" methods="8" coveredmethods="7"/>
        <line num="20" count="1" type="stmt"/>
        <line num="21" count="1" type="stmt"/>
        <line num="25" count="0" type="stmt"/>
        <line num="29" count="1" type="stmt"/>
        <line num="30" count="1" type="stmt"/>
        <line num="31" count="1" type="stmt"/>
        <line num="32" count="1" type="stmt"/>
        <line num="35" count="25" type="stmt"/>
        <line num="46" count="2" type="stmt"/>
        <line num="54" count="2" type="stmt"/>
        <line num="65" count="32" type="stmt"/>
        <line num="68" count="1" type="stmt"/>
      </file>
    </package>
    <package name="src.pages.Home">
      <metrics statements="18" coveredstatements="18" conditionals="10" coveredconditionals="9" methods="6" coveredmethods="6"/>
      <file name="Home.tsx" path="/home/anna/code/Trelloclone/Trello/src/pages/Home/Home.tsx">
        <metrics statements="18" coveredstatements="18" conditionals="10" coveredconditionals="9" methods="6" coveredmethods="6"/>
        <line num="14" count="26" type="stmt"/>
        <line num="15" count="26" type="stmt"/>
        <line num="16" count="26" type="stmt"/>
        <line num="18" count="26" type="stmt"/>
        <line num="19" count="26" type="stmt"/>
        <line num="20" count="26" type="cond" truecount="2" falsecount="0"/>
        <line num="22" count="26" type="stmt"/>
        <line num="24" count="26" type="stmt"/>
        <line num="25" count="3" type="cond" truecount="1" falsecount="1"/>
        <line num="26" count="3" type="cond" truecount="2" falsecount="0"/>
        <line num="27" count="2" type="stmt"/>
        <line num="31" count="26" type="stmt"/>
        <line num="32" count="2" type="stmt"/>
        <line num="33" count="2" type="stmt"/>
        <line num="34" count="2" type="stmt"/>
        <line num="37" count="26" type="stmt"/>
        <line num="49" count="46" type="stmt"/>
        <line num="53" count="3" type="stmt"/>
      </file>
    </package>
    <package name="src.pages.Home.components.BoardComponent">
      <metrics statements="2" coveredstatements="2" conditionals="2" coveredconditionals="2" methods="1" coveredmethods="1"/>
      <file name="BoardComponent.tsx" path="/home/anna/code/Trelloclone/Trello/src/pages/Home/components/BoardComponent/BoardComponent.tsx">
        <metrics statements="2" coveredstatements="2" conditionals="2" coveredconditionals="2" methods="1" coveredmethods="1"/>
        <line num="11" count="7" type="cond" truecount="2" falsecount="0"/>
        <line num="12" count="7" type="stmt"/>
      </file>
    </package>
    <package name="src.pages.Home.components.Header">
      <metrics statements="3" coveredstatements="3" conditionals="4" coveredconditionals="4" methods="2" coveredmethods="2"/>
      <file name="Header.tsx" path="/home/anna/code/Trelloclone/Trello/src/pages/Home/components/Header/Header.tsx">
        <metrics statements="3" coveredstatements="3" conditionals="4" coveredconditionals="4" methods="2" coveredmethods="2"/>
        <line num="11" count="1" type="stmt"/>
        <line num="12" count="8" type="stmt"/>
        <line num="25" count="1" type="stmt"/>
      </file>
    </package>
    <package name="src.pages.Home.components.Settings">
      <metrics statements="5" coveredstatements="5" conditionals="2" coveredconditionals="2" methods="4" coveredmethods="4"/>
      <file name="Settings.tsx" path="/home/anna/code/Trelloclone/Trello/src/pages/Home/components/Settings/Settings.tsx">
        <metrics statements="5" coveredstatements="5" conditionals="2" coveredconditionals="2" methods="4" coveredmethods="4"/>
        <line num="9" count="1" type="stmt"/>
        <line num="10" count="6" type="stmt"/>
        <line num="11" count="6" type="stmt"/>
        <line num="21" count="54" type="cond" truecount="2" falsecount="0"/>
        <line num="33" count="1" type="stmt"/>
      </file>
    </package>
    <package name="src.pages.Home.components.SideBar">
      <metrics statements="4" coveredstatements="4" conditionals="4" coveredconditionals="4" methods="3" coveredmethods="3"/>
      <file name="SideBar.tsx" path="/home/anna/code/Trelloclone/Trello/src/pages/Home/components/SideBar/SideBar.tsx">
        <metrics statements="4" coveredstatements="4" conditionals="4" coveredconditionals="4" methods="3" coveredmethods="3"/>
        <line num="8" count="1" type="stmt"/>
        <line num="9" count="7" type="stmt"/>
        <line num="12" count="1" type="cond" truecount="2" falsecount="0"/>
        <line num="13" count="2" type="cond" truecount="2" falsecount="0"/>
      </file>
    </package>
    <package name="src.pages.Login">
      <metrics statements="8" coveredstatements="8" conditionals="8" coveredconditionals="7" methods="3" coveredmethods="3"/>
      <file name="Login.tsx" path="/home/anna/code/Trelloclone/Trello/src/pages/Login/Login.tsx">
        <metrics statements="8" coveredstatements="8" conditionals="8" coveredconditionals="7" methods="3" coveredmethods="3"/>
        <line num="17" count="15" type="stmt"/>
        <line num="19" count="15" type="stmt"/>
        <line num="21" count="15" type="stmt"/>
        <line num="22" count="1" type="stmt"/>
        <line num="25" count="15" type="stmt"/>
        <line num="26" count="6" type="cond" truecount="2" falsecount="0"/>
        <line num="29" count="15" type="cond" truecount="1" falsecount="1"/>
        <line num="31" count="15" type="stmt"/>
      </file>
    </package>
    <package name="src.pages.Register">
      <metrics statements="10" coveredstatements="10" conditionals="12" coveredconditionals="10" methods="4" coveredmethods="4"/>
      <file name="Register.tsx" path="/home/anna/code/Trelloclone/Trello/src/pages/Register/Register.tsx">
        <metrics statements="10" coveredstatements="10" conditionals="12" coveredconditionals="10" methods="4" coveredmethods="4"/>
        <line num="19" count="12" type="stmt"/>
        <line num="21" count="12" type="stmt"/>
        <line num="22" count="12" type="stmt"/>
        <line num="24" count="12" type="stmt"/>
        <line num="25" count="1" type="stmt"/>
        <line num="28" count="12" type="stmt"/>
        <line num="29" count="4" type="cond" truecount="2" falsecount="0"/>
        <line num="32" count="12" type="cond" truecount="1" falsecount="1"/>
        <line num="34" count="12" type="stmt"/>
        <line num="121" count="2" type="cond" truecount="2" falsecount="0"/>
      </file>
    </package>
  </project>
</coverage>
