{"/home/anna/code/Trelloclone/Trello/src/ThemeSettings.ts": {"path":"/home/anna/code/Trelloclone/Trello/src/ThemeSettings.ts","statementMap":{"0":{"start":{"line":1,"column":29},"end":{"line":53,"column":null}}},"fnMap":{},"branchMap":{},"s":{"0":3},"f":{},"b":{},"meta":{"lastBranch":0,"lastFunction":0,"lastStatement":1,"seen":{"s:1:29:53:Infinity":0}}}
,"/home/anna/code/Trelloclone/Trello/src/components/CreateModal/CreateModal.tsx": {"path":"/home/anna/code/Trelloclone/Trello/src/components/CreateModal/CreateModal.tsx","statementMap":{"0":{"start":{"line":38,"column":4},"end":{"line":43,"column":null}},"1":{"start":{"line":44,"column":22},"end":{"line":46,"column":null}},"2":{"start":{"line":45,"column":12},"end":{"line":45,"column":null}},"3":{"start":{"line":48,"column":4},"end":{"line":52,"column":null}},"4":{"start":{"line":49,"column":8},"end":{"line":51,"column":null}},"5":{"start":{"line":50,"column":12},"end":{"line":50,"column":null}},"6":{"start":{"line":54,"column":4},"end":{"line":62,"column":null}},"7":{"start":{"line":55,"column":8},"end":{"line":61,"column":null}},"8":{"start":{"line":56,"column":12},"end":{"line":60,"column":null}},"9":{"start":{"line":64,"column":4},"end":{"line":64,"column":null}},"10":{"start":{"line":64,"column":22},"end":{"line":64,"column":null}},"11":{"start":{"line":68,"column":25},"end":{"line":68,"column":null}},"12":{"start":{"line":70,"column":52},"end":{"line":78,"column":null}},"13":{"start":{"line":71,"column":8},"end":{"line":75,"column":null}},"14":{"start":{"line":76,"column":8},"end":{"line":76,"column":null}},"15":{"start":{"line":77,"column":8},"end":{"line":77,"column":null}},"16":{"start":{"line":80,"column":4},"end":{"line":145,"column":null}},"17":{"start":{"line":82,"column":141},"end":{"line":82,"column":null}},"18":{"start":{"line":110,"column":32},"end":{"line":112,"column":null}}},"fnMap":{"0":{"name":"CreateModal","decl":{"start":{"line":22,"column":9},"end":{"line":22,"column":21}},"loc":{"start":{"line":30,"column":16},"end":{"line":147,"column":null}},"line":30},"1":{"name":"(anonymous_1)","decl":{"start":{"line":44,"column":35},"end":{"line":44,"column":41}},"loc":{"start":{"line":44,"column":41},"end":{"line":46,"column":9}},"line":44},"2":{"name":"(anonymous_2)","decl":{"start":{"line":48,"column":14},"end":{"line":48,"column":20}},"loc":{"start":{"line":48,"column":20},"end":{"line":52,"column":7}},"line":48},"3":{"name":"(anonymous_3)","decl":{"start":{"line":54,"column":14},"end":{"line":54,"column":20}},"loc":{"start":{"line":54,"column":20},"end":{"line":62,"column":7}},"line":54},"4":{"name":"(anonymous_4)","decl":{"start":{"line":70,"column":52},"end":{"line":70,"column":53}},"loc":{"start":{"line":70,"column":62},"end":{"line":78,"column":null}},"line":70},"5":{"name":"(anonymous_5)","decl":{"start":{"line":82,"column":134},"end":{"line":82,"column":135}},"loc":{"start":{"line":82,"column":141},"end":{"line":82,"column":null}},"line":82},"6":{"name":"(anonymous_6)","decl":{"start":{"line":109,"column":39},"end":{"line":109,"column":40}},"loc":{"start":{"line":110,"column":32},"end":{"line":112,"column":null}},"line":110}},"branchMap":{"0":{"loc":{"start":{"line":27,"column":4},"end":{"line":27,"column":null}},"type":"default-arg","locations":[{"start":{"line":27,"column":18},"end":{"line":27,"column":null}}],"line":27},"1":{"loc":{"start":{"line":45,"column":19},"end":{"line":45,"column":null}},"type":"binary-expr","locations":[{"start":{"line":45,"column":19},"end":{"line":45,"column":59}},{"start":{"line":45,"column":59},"end":{"line":45,"column":null}}],"line":45},"2":{"loc":{"start":{"line":49,"column":8},"end":{"line":51,"column":null}},"type":"if","locations":[{"start":{"line":49,"column":8},"end":{"line":51,"column":null}},{"start":{},"end":{}}],"line":49},"3":{"loc":{"start":{"line":49,"column":12},"end":{"line":49,"column":39}},"type":"binary-expr","locations":[{"start":{"line":49,"column":12},"end":{"line":49,"column":21}},{"start":{"line":49,"column":21},"end":{"line":49,"column":39}}],"line":49},"4":{"loc":{"start":{"line":55,"column":8},"end":{"line":61,"column":null}},"type":"if","locations":[{"start":{"line":55,"column":8},"end":{"line":61,"column":null}},{"start":{},"end":{}}],"line":55},"5":{"loc":{"start":{"line":59,"column":24},"end":{"line":59,"column":null}},"type":"cond-expr","locations":[{"start":{"line":59,"column":52},"end":{"line":59,"column":66}},{"start":{"line":59,"column":66},"end":{"line":59,"column":null}}],"line":59},"6":{"loc":{"start":{"line":59,"column":24},"end":{"line":59,"column":52}},"type":"binary-expr","locations":[{"start":{"line":59,"column":24},"end":{"line":59,"column":33}},{"start":{"line":59,"column":33},"end":{"line":59,"column":52}}],"line":59},"7":{"loc":{"start":{"line":64,"column":4},"end":{"line":64,"column":null}},"type":"if","locations":[{"start":{"line":64,"column":4},"end":{"line":64,"column":null}},{"start":{},"end":{}}],"line":64},"8":{"loc":{"start":{"line":68,"column":25},"end":{"line":68,"column":null}},"type":"binary-expr","locations":[{"start":{"line":68,"column":25},"end":{"line":68,"column":85}},{"start":{"line":68,"column":85},"end":{"line":68,"column":null}}],"line":68},"9":{"loc":{"start":{"line":73,"column":20},"end":{"line":73,"column":null}},"type":"cond-expr","locations":[{"start":{"line":73,"column":34},"end":{"line":73,"column":56}},{"start":{"line":73,"column":56},"end":{"line":73,"column":null}}],"line":73},"10":{"loc":{"start":{"line":95,"column":32},"end":{"line":95,"column":null}},"type":"cond-expr","locations":[{"start":{"line":95,"column":46},"end":{"line":95,"column":65}},{"start":{"line":95,"column":65},"end":{"line":95,"column":null}}],"line":95},"11":{"loc":{"start":{"line":99,"column":25},"end":{"line":100,"column":null}},"type":"binary-expr","locations":[{"start":{"line":99,"column":25},"end":{"line":99,"column":null}},{"start":{"line":100,"column":28},"end":{"line":100,"column":null}}],"line":99},"12":{"loc":{"start":{"line":104,"column":21},"end":{"line":114,"column":null}},"type":"binary-expr","locations":[{"start":{"line":104,"column":21},"end":{"line":104,"column":null}},{"start":{"line":105,"column":24},"end":{"line":114,"column":null}}],"line":104},"13":{"loc":{"start":{"line":117,"column":21},"end":{"line":125,"column":null}},"type":"binary-expr","locations":[{"start":{"line":117,"column":21},"end":{"line":117,"column":null}},{"start":{"line":118,"column":24},"end":{"line":125,"column":null}}],"line":117}},"s":{"0":56,"1":56,"2":22,"3":56,"4":22,"5":11,"6":56,"7":24,"8":2,"9":56,"10":52,"11":4,"12":56,"13":0,"14":0,"15":0,"16":56,"17":0,"18":2},"f":{"0":56,"1":22,"2":22,"3":24,"4":0,"5":0,"6":2},"b":{"0":[56],"1":[22,22],"2":[11,11],"3":[22,11],"4":[2,22],"5":[1,1],"6":[2,1],"7":[52,4],"8":[4,4],"9":[0,0],"10":[0,4],"11":[56,0],"12":[56,2],"13":[56,0]},"meta":{"lastBranch":14,"lastFunction":7,"lastStatement":19,"seen":{"f:22:9:22:21":0,"b:27:18:27:Infinity":0,"s:38:4:43:Infinity":0,"s:44:22:46:Infinity":1,"f:44:35:44:41":1,"s:45:12:45:Infinity":2,"b:45:19:45:59:45:59:45:Infinity":1,"s:48:4:52:Infinity":3,"f:48:14:48:20":2,"b:49:8:51:Infinity:undefined:undefined:undefined:undefined":2,"s:49:8:51:Infinity":4,"b:49:12:49:21:49:21:49:39":3,"s:50:12:50:Infinity":5,"s:54:4:62:Infinity":6,"f:54:14:54:20":3,"b:55:8:61:Infinity:undefined:undefined:undefined:undefined":4,"s:55:8:61:Infinity":7,"s:56:12:60:Infinity":8,"b:59:52:59:66:59:66:59:Infinity":5,"b:59:24:59:33:59:33:59:52":6,"b:64:4:64:Infinity:undefined:undefined:undefined:undefined":7,"s:64:4:64:Infinity":9,"s:64:22:64:Infinity":10,"s:68:25:68:Infinity":11,"b:68:25:68:85:68:85:68:Infinity":8,"s:70:52:78:Infinity":12,"f:70:52:70:53":4,"s:71:8:75:Infinity":13,"b:73:34:73:56:73:56:73:Infinity":9,"s:76:8:76:Infinity":14,"s:77:8:77:Infinity":15,"s:80:4:145:Infinity":16,"f:82:134:82:135":5,"s:82:141:82:Infinity":17,"b:95:46:95:65:95:65:95:Infinity":10,"b:99:25:99:Infinity:100:28:100:Infinity":11,"b:104:21:104:Infinity:105:24:114:Infinity":12,"f:109:39:109:40":6,"s:110:32:112:Infinity":18,"b:117:21:117:Infinity:118:24:125:Infinity":13}}}
,"/home/anna/code/Trelloclone/Trello/src/components/EditModal/EditModal.tsx": {"path":"/home/anna/code/Trelloclone/Trello/src/components/EditModal/EditModal.tsx","statementMap":{"0":{"start":{"line":37,"column":4},"end":{"line":42,"column":null}},"1":{"start":{"line":44,"column":22},"end":{"line":46,"column":null}},"2":{"start":{"line":45,"column":16},"end":{"line":45,"column":null}},"3":{"start":{"line":48,"column":4},"end":{"line":55,"column":null}},"4":{"start":{"line":49,"column":8},"end":{"line":54,"column":null}},"5":{"start":{"line":50,"column":12},"end":{"line":53,"column":null}},"6":{"start":{"line":57,"column":25},"end":{"line":57,"column":null}},"7":{"start":{"line":59,"column":4},"end":{"line":59,"column":null}},"8":{"start":{"line":59,"column":22},"end":{"line":59,"column":null}},"9":{"start":{"line":61,"column":52},"end":{"line":68,"column":null}},"10":{"start":{"line":62,"column":8},"end":{"line":65,"column":null}},"11":{"start":{"line":67,"column":8},"end":{"line":67,"column":null}},"12":{"start":{"line":70,"column":4},"end":{"line":104,"column":null}},"13":{"start":{"line":72,"column":142},"end":{"line":72,"column":null}}},"fnMap":{"0":{"name":"EditModal","decl":{"start":{"line":21,"column":9},"end":{"line":21,"column":19}},"loc":{"start":{"line":30,"column":20},"end":{"line":106,"column":null}},"line":30},"1":{"name":"(anonymous_1)","decl":{"start":{"line":44,"column":35},"end":{"line":44,"column":41}},"loc":{"start":{"line":44,"column":41},"end":{"line":46,"column":13}},"line":44},"2":{"name":"(anonymous_2)","decl":{"start":{"line":48,"column":14},"end":{"line":48,"column":20}},"loc":{"start":{"line":48,"column":20},"end":{"line":55,"column":7}},"line":48},"3":{"name":"(anonymous_3)","decl":{"start":{"line":61,"column":52},"end":{"line":61,"column":53}},"loc":{"start":{"line":61,"column":62},"end":{"line":68,"column":null}},"line":61},"4":{"name":"(anonymous_4)","decl":{"start":{"line":72,"column":135},"end":{"line":72,"column":136}},"loc":{"start":{"line":72,"column":142},"end":{"line":72,"column":null}},"line":72}},"branchMap":{"0":{"loc":{"start":{"line":26,"column":4},"end":{"line":26,"column":null}},"type":"default-arg","locations":[{"start":{"line":26,"column":18},"end":{"line":26,"column":null}}],"line":26},"1":{"loc":{"start":{"line":27,"column":4},"end":{"line":27,"column":null}},"type":"default-arg","locations":[{"start":{"line":27,"column":18},"end":{"line":27,"column":null}}],"line":27},"2":{"loc":{"start":{"line":28,"column":4},"end":{"line":28,"column":null}},"type":"default-arg","locations":[{"start":{"line":28,"column":19},"end":{"line":28,"column":null}}],"line":28},"3":{"loc":{"start":{"line":45,"column":23},"end":{"line":45,"column":null}},"type":"binary-expr","locations":[{"start":{"line":45,"column":23},"end":{"line":45,"column":63}},{"start":{"line":45,"column":63},"end":{"line":45,"column":null}}],"line":45},"4":{"loc":{"start":{"line":49,"column":8},"end":{"line":54,"column":null}},"type":"if","locations":[{"start":{"line":49,"column":8},"end":{"line":54,"column":null}},{"start":{},"end":{}}],"line":49},"5":{"loc":{"start":{"line":57,"column":25},"end":{"line":57,"column":null}},"type":"binary-expr","locations":[{"start":{"line":57,"column":25},"end":{"line":57,"column":85}},{"start":{"line":57,"column":85},"end":{"line":57,"column":null}}],"line":57},"6":{"loc":{"start":{"line":59,"column":4},"end":{"line":59,"column":null}},"type":"if","locations":[{"start":{"line":59,"column":4},"end":{"line":59,"column":null}},{"start":{},"end":{}}],"line":59},"7":{"loc":{"start":{"line":81,"column":32},"end":{"line":81,"column":null}},"type":"cond-expr","locations":[{"start":{"line":81,"column":46},"end":{"line":81,"column":65}},{"start":{"line":81,"column":65},"end":{"line":81,"column":null}}],"line":81},"8":{"loc":{"start":{"line":85,"column":21},"end":{"line":85,"column":null}},"type":"binary-expr","locations":[{"start":{"line":85,"column":21},"end":{"line":85,"column":36}},{"start":{"line":85,"column":36},"end":{"line":85,"column":null}}],"line":85},"9":{"loc":{"start":{"line":86,"column":21},"end":{"line":91,"column":null}},"type":"binary-expr","locations":[{"start":{"line":86,"column":21},"end":{"line":86,"column":null}},{"start":{"line":87,"column":24},"end":{"line":91,"column":null}}],"line":86}},"s":{"0":84,"1":84,"2":33,"3":84,"4":36,"5":3,"6":84,"7":84,"8":78,"9":6,"10":0,"11":0,"12":6,"13":0},"f":{"0":84,"1":33,"2":36,"3":0,"4":0},"b":{"0":[84],"1":[84],"2":[84],"3":[33,33],"4":[3,33],"5":[84,84],"6":[78,6],"7":[0,6],"8":[84,0],"9":[84,0]},"meta":{"lastBranch":10,"lastFunction":5,"lastStatement":14,"seen":{"f:21:9:21:19":0,"b:26:18:26:Infinity":0,"b:27:18:27:Infinity":1,"b:28:19:28:Infinity":2,"s:37:4:42:Infinity":0,"s:44:22:46:Infinity":1,"f:44:35:44:41":1,"s:45:16:45:Infinity":2,"b:45:23:45:63:45:63:45:Infinity":3,"s:48:4:55:Infinity":3,"f:48:14:48:20":2,"b:49:8:54:Infinity:undefined:undefined:undefined:undefined":4,"s:49:8:54:Infinity":4,"s:50:12:53:Infinity":5,"s:57:25:57:Infinity":6,"b:57:25:57:85:57:85:57:Infinity":5,"b:59:4:59:Infinity:undefined:undefined:undefined:undefined":6,"s:59:4:59:Infinity":7,"s:59:22:59:Infinity":8,"s:61:52:68:Infinity":9,"f:61:52:61:53":3,"s:62:8:65:Infinity":10,"s:67:8:67:Infinity":11,"s:70:4:104:Infinity":12,"f:72:135:72:136":4,"s:72:142:72:Infinity":13,"b:81:46:81:65:81:65:81:Infinity":7,"b:85:21:85:36:85:36:85:Infinity":8,"b:86:21:86:Infinity:87:24:91:Infinity":9}}}
,"/home/anna/code/Trelloclone/Trello/src/pages/Board/Board.tsx": {"path":"/home/anna/code/Trelloclone/Trello/src/pages/Board/Board.tsx","statementMap":{"0":{"start":{"line":14,"column":21},"end":{"line":14,"column":null}},"1":{"start":{"line":16,"column":58},"end":{"line":16,"column":null}},"2":{"start":{"line":17,"column":58},"end":{"line":17,"column":null}},"3":{"start":{"line":18,"column":38},"end":{"line":18,"column":null}},"4":{"start":{"line":19,"column":38},"end":{"line":19,"column":null}},"5":{"start":{"line":20,"column":56},"end":{"line":20,"column":null}},"6":{"start":{"line":22,"column":22},"end":{"line":24,"column":null}},"7":{"start":{"line":23,"column":8},"end":{"line":23,"column":null}},"8":{"start":{"line":26,"column":25},"end":{"line":26,"column":null}},"9":{"start":{"line":28,"column":81},"end":{"line":28,"column":null}},"10":{"start":{"line":29,"column":63},"end":{"line":29,"column":null}},"11":{"start":{"line":30,"column":79},"end":{"line":30,"column":null}},"12":{"start":{"line":32,"column":4},"end":{"line":40,"column":null}},"13":{"start":{"line":33,"column":8},"end":{"line":38,"column":null}},"14":{"start":{"line":41,"column":4},"end":{"line":41,"column":null}},"15":{"start":{"line":41,"column":27},"end":{"line":41,"column":null}},"16":{"start":{"line":43,"column":25},"end":{"line":43,"column":null}},"17":{"start":{"line":45,"column":4},"end":{"line":123,"column":null}},"18":{"start":{"line":68,"column":43},"end":{"line":68,"column":null}},"19":{"start":{"line":74,"column":43},"end":{"line":74,"column":null}},"20":{"start":{"line":80,"column":43},"end":{"line":80,"column":null}},"21":{"start":{"line":93,"column":20},"end":{"line":114,"column":null}},"22":{"start":{"line":99,"column":50},"end":{"line":99,"column":null}},"23":{"start":{"line":101,"column":42},"end":{"line":101,"column":null}},"24":{"start":{"line":103,"column":48},"end":{"line":103,"column":null}},"25":{"start":{"line":103,"column":69},"end":{"line":103,"column":84}},"26":{"start":{"line":104,"column":28},"end":{"line":111,"column":null}},"27":{"start":{"line":105,"column":32},"end":{"line":110,"column":null}},"28":{"start":{"line":118,"column":76},"end":{"line":118,"column":109}},"29":{"start":{"line":118,"column":179},"end":{"line":118,"column":242}},"30":{"start":{"line":118,"column":208},"end":{"line":118,"column":239}},"31":{"start":{"line":119,"column":76},"end":{"line":119,"column":109}},"32":{"start":{"line":119,"column":199},"end":{"line":119,"column":271}},"33":{"start":{"line":119,"column":237},"end":{"line":119,"column":268}},"34":{"start":{"line":120,"column":66},"end":{"line":120,"column":88}},"35":{"start":{"line":120,"column":204},"end":{"line":120,"column":285}},"36":{"start":{"line":120,"column":223},"end":{"line":120,"column":261}},"37":{"start":{"line":120,"column":261},"end":{"line":120,"column":283}},"38":{"start":{"line":121,"column":66},"end":{"line":121,"column":88}},"39":{"start":{"line":121,"column":203},"end":{"line":121,"column":326}},"40":{"start":{"line":121,"column":222},"end":{"line":121,"column":302}},"41":{"start":{"line":121,"column":302},"end":{"line":121,"column":324}},"42":{"start":{"line":122,"column":73},"end":{"line":122,"column":105}},"43":{"start":{"line":122,"column":214},"end":{"line":122,"column":237}},"44":{"start":{"line":122,"column":237},"end":{"line":122,"column":269}}},"fnMap":{"0":{"name":"Board","decl":{"start":{"line":13,"column":9},"end":{"line":13,"column":17}},"loc":{"start":{"line":13,"column":17},"end":{"line":125,"column":null}},"line":13},"1":{"name":"(anonymous_1)","decl":{"start":{"line":22,"column":35},"end":{"line":22,"column":41}},"loc":{"start":{"line":22,"column":41},"end":{"line":24,"column":5}},"line":22},"2":{"name":"(anonymous_2)","decl":{"start":{"line":68,"column":37},"end":{"line":68,"column":43}},"loc":{"start":{"line":68,"column":43},"end":{"line":68,"column":null}},"line":68},"3":{"name":"(anonymous_3)","decl":{"start":{"line":74,"column":37},"end":{"line":74,"column":43}},"loc":{"start":{"line":74,"column":43},"end":{"line":74,"column":null}},"line":74},"4":{"name":"(anonymous_4)","decl":{"start":{"line":80,"column":37},"end":{"line":80,"column":43}},"loc":{"start":{"line":80,"column":43},"end":{"line":80,"column":null}},"line":80},"5":{"name":"(anonymous_5)","decl":{"start":{"line":92,"column":27},"end":{"line":92,"column":28}},"loc":{"start":{"line":93,"column":20},"end":{"line":114,"column":null}},"line":93},"6":{"name":"(anonymous_6)","decl":{"start":{"line":99,"column":38},"end":{"line":99,"column":39}},"loc":{"start":{"line":99,"column":50},"end":{"line":99,"column":null}},"line":99},"7":{"name":"(anonymous_7)","decl":{"start":{"line":101,"column":36},"end":{"line":101,"column":42}},"loc":{"start":{"line":101,"column":42},"end":{"line":101,"column":null}},"line":101},"8":{"name":"(anonymous_8)","decl":{"start":{"line":102,"column":36},"end":{"line":102,"column":37}},"loc":{"start":{"line":102,"column":48},"end":{"line":112,"column":null}},"line":102},"9":{"name":"(anonymous_9)","decl":{"start":{"line":103,"column":64},"end":{"line":103,"column":69}},"loc":{"start":{"line":103,"column":69},"end":{"line":103,"column":84}},"line":103},"10":{"name":"(anonymous_10)","decl":{"start":{"line":118,"column":70},"end":{"line":118,"column":76}},"loc":{"start":{"line":118,"column":76},"end":{"line":118,"column":109}},"line":118},"11":{"name":"(anonymous_11)","decl":{"start":{"line":118,"column":165},"end":{"line":118,"column":166}},"loc":{"start":{"line":118,"column":179},"end":{"line":118,"column":242}},"line":118},"12":{"name":"(anonymous_12)","decl":{"start":{"line":118,"column":202},"end":{"line":118,"column":208}},"loc":{"start":{"line":118,"column":208},"end":{"line":118,"column":239}},"line":118},"13":{"name":"(anonymous_13)","decl":{"start":{"line":119,"column":70},"end":{"line":119,"column":76}},"loc":{"start":{"line":119,"column":76},"end":{"line":119,"column":109}},"line":119},"14":{"name":"(anonymous_14)","decl":{"start":{"line":119,"column":177},"end":{"line":119,"column":178}},"loc":{"start":{"line":119,"column":199},"end":{"line":119,"column":271}},"line":119},"15":{"name":"(anonymous_15)","decl":{"start":{"line":119,"column":231},"end":{"line":119,"column":237}},"loc":{"start":{"line":119,"column":237},"end":{"line":119,"column":268}},"line":119},"16":{"name":"(anonymous_16)","decl":{"start":{"line":120,"column":60},"end":{"line":120,"column":66}},"loc":{"start":{"line":120,"column":66},"end":{"line":120,"column":88}},"line":120},"17":{"name":"(anonymous_17)","decl":{"start":{"line":120,"column":188},"end":{"line":120,"column":189}},"loc":{"start":{"line":120,"column":202},"end":{"line":120,"column":288}},"line":120},"18":{"name":"(anonymous_18)","decl":{"start":{"line":121,"column":60},"end":{"line":121,"column":66}},"loc":{"start":{"line":121,"column":66},"end":{"line":121,"column":88}},"line":121},"19":{"name":"(anonymous_19)","decl":{"start":{"line":121,"column":187},"end":{"line":121,"column":188}},"loc":{"start":{"line":121,"column":201},"end":{"line":121,"column":329}},"line":121},"20":{"name":"(anonymous_20)","decl":{"start":{"line":122,"column":67},"end":{"line":122,"column":73}},"loc":{"start":{"line":122,"column":73},"end":{"line":122,"column":105}},"line":122},"21":{"name":"(anonymous_21)","decl":{"start":{"line":122,"column":198},"end":{"line":122,"column":199}},"loc":{"start":{"line":122,"column":212},"end":{"line":122,"column":272}},"line":122}},"branchMap":{"0":{"loc":{"start":{"line":23,"column":15},"end":{"line":23,"column":null}},"type":"binary-expr","locations":[{"start":{"line":23,"column":15},"end":{"line":23,"column":55}},{"start":{"line":23,"column":55},"end":{"line":23,"column":null}}],"line":23},"1":{"loc":{"start":{"line":26,"column":25},"end":{"line":26,"column":null}},"type":"binary-expr","locations":[{"start":{"line":26,"column":25},"end":{"line":26,"column":85}},{"start":{"line":26,"column":85},"end":{"line":26,"column":null}}],"line":26},"2":{"loc":{"start":{"line":32,"column":4},"end":{"line":40,"column":null}},"type":"if","locations":[{"start":{"line":32,"column":4},"end":{"line":40,"column":null}},{"start":{},"end":{}}],"line":32},"3":{"loc":{"start":{"line":41,"column":4},"end":{"line":41,"column":null}},"type":"if","locations":[{"start":{"line":41,"column":4},"end":{"line":41,"column":null}},{"start":{},"end":{}}],"line":41},"4":{"loc":{"start":{"line":41,"column":8},"end":{"line":41,"column":27}},"type":"binary-expr","locations":[{"start":{"line":41,"column":8},"end":{"line":41,"column":19}},{"start":{"line":41,"column":19},"end":{"line":41,"column":27}}],"line":41},"5":{"loc":{"start":{"line":104,"column":28},"end":{"line":111,"column":null}},"type":"if","locations":[{"start":{"line":104,"column":28},"end":{"line":111,"column":null}},{"start":{},"end":{}}],"line":104},"6":{"loc":{"start":{"line":120,"column":152},"end":{"line":120,"column":178}},"type":"binary-expr","locations":[{"start":{"line":120,"column":152},"end":{"line":120,"column":174}},{"start":{"line":120,"column":174},"end":{"line":120,"column":178}}],"line":120},"7":{"loc":{"start":{"line":120,"column":204},"end":{"line":120,"column":285}},"type":"if","locations":[{"start":{"line":120,"column":204},"end":{"line":120,"column":285}},{"start":{},"end":{}}],"line":120},"8":{"loc":{"start":{"line":121,"column":151},"end":{"line":121,"column":177}},"type":"binary-expr","locations":[{"start":{"line":121,"column":151},"end":{"line":121,"column":173}},{"start":{"line":121,"column":173},"end":{"line":121,"column":177}}],"line":121},"9":{"loc":{"start":{"line":121,"column":203},"end":{"line":121,"column":326}},"type":"if","locations":[{"start":{"line":121,"column":203},"end":{"line":121,"column":326}},{"start":{},"end":{}}],"line":121}},"s":{"0":18,"1":18,"2":18,"3":18,"4":18,"5":18,"6":18,"7":13,"8":18,"9":18,"10":18,"11":18,"12":18,"13":1,"14":17,"15":1,"16":16,"17":16,"18":1,"19":1,"20":1,"21":16,"22":1,"23":1,"24":1,"25":1,"26":1,"27":1,"28":0,"29":0,"30":0,"31":0,"32":0,"33":0,"34":0,"35":0,"36":0,"37":0,"38":0,"39":0,"40":0,"41":0,"42":0,"43":0,"44":0},"f":{"0":18,"1":13,"2":1,"3":1,"4":1,"5":16,"6":1,"7":1,"8":1,"9":1,"10":0,"11":0,"12":0,"13":0,"14":0,"15":0,"16":0,"17":0,"18":0,"19":0,"20":0,"21":0},"b":{"0":[13,13],"1":[18,0],"2":[1,17],"3":[1,16],"4":[17,16],"5":[1,0],"6":[16,15],"7":[0,0],"8":[18,15],"9":[0,0]},"meta":{"lastBranch":10,"lastFunction":22,"lastStatement":45,"seen":{"f:13:9:13:17":0,"s:14:21:14:Infinity":0,"s:16:58:16:Infinity":1,"s:17:58:17:Infinity":2,"s:18:38:18:Infinity":3,"s:19:38:19:Infinity":4,"s:20:56:20:Infinity":5,"s:22:22:24:Infinity":6,"f:22:35:22:41":1,"s:23:8:23:Infinity":7,"b:23:15:23:55:23:55:23:Infinity":0,"s:26:25:26:Infinity":8,"b:26:25:26:85:26:85:26:Infinity":1,"s:28:81:28:Infinity":9,"s:29:63:29:Infinity":10,"s:30:79:30:Infinity":11,"b:32:4:40:Infinity:undefined:undefined:undefined:undefined":2,"s:32:4:40:Infinity":12,"s:33:8:38:Infinity":13,"b:41:4:41:Infinity:undefined:undefined:undefined:undefined":3,"s:41:4:41:Infinity":14,"b:41:8:41:19:41:19:41:27":4,"s:41:27:41:Infinity":15,"s:43:25:43:Infinity":16,"s:45:4:123:Infinity":17,"f:68:37:68:43":2,"s:68:43:68:Infinity":18,"f:74:37:74:43":3,"s:74:43:74:Infinity":19,"f:80:37:80:43":4,"s:80:43:80:Infinity":20,"f:92:27:92:28":5,"s:93:20:114:Infinity":21,"f:99:38:99:39":6,"s:99:50:99:Infinity":22,"f:101:36:101:42":7,"s:101:42:101:Infinity":23,"f:102:36:102:37":8,"s:103:48:103:Infinity":24,"f:103:64:103:69":9,"s:103:69:103:84":25,"b:104:28:111:Infinity:undefined:undefined:undefined:undefined":5,"s:104:28:111:Infinity":26,"s:105:32:110:Infinity":27,"f:118:70:118:76":10,"s:118:76:118:109":28,"f:118:165:118:166":11,"s:118:179:118:242":29,"f:118:202:118:208":12,"s:118:208:118:239":30,"f:119:70:119:76":13,"s:119:76:119:109":31,"f:119:177:119:178":14,"s:119:199:119:271":32,"f:119:231:119:237":15,"s:119:237:119:268":33,"f:120:60:120:66":16,"s:120:66:120:88":34,"b:120:152:120:174:120:174:120:178":6,"f:120:188:120:189":17,"b:120:204:120:285:undefined:undefined:undefined:undefined":7,"s:120:204:120:285":35,"s:120:223:120:261":36,"s:120:261:120:283":37,"f:121:60:121:66":18,"s:121:66:121:88":38,"b:121:151:121:173:121:173:121:177":8,"f:121:187:121:188":19,"b:121:203:121:326:undefined:undefined:undefined:undefined":9,"s:121:203:121:326":39,"s:121:222:121:302":40,"s:121:302:121:324":41,"f:122:67:122:73":20,"s:122:73:122:105":42,"f:122:198:122:199":21,"s:122:214:122:237":43,"s:122:237:122:269":44}}}
,"/home/anna/code/Trelloclone/Trello/src/pages/Board/components/Card/Card.tsx": {"path":"/home/anna/code/Trelloclone/Trello/src/pages/Board/components/Card/Card.tsx","statementMap":{"0":{"start":{"line":11,"column":4},"end":{"line":43,"column":null}},"1":{"start":{"line":22,"column":24},"end":{"line":22,"column":null}},"2":{"start":{"line":23,"column":24},"end":{"line":23,"column":null}},"3":{"start":{"line":33,"column":24},"end":{"line":33,"column":null}},"4":{"start":{"line":34,"column":24},"end":{"line":34,"column":null}}},"fnMap":{"0":{"name":"Card","decl":{"start":{"line":10,"column":9},"end":{"line":10,"column":14}},"loc":{"start":{"line":10,"column":62},"end":{"line":45,"column":null}},"line":10},"1":{"name":"(anonymous_1)","decl":{"start":{"line":21,"column":29},"end":{"line":21,"column":30}},"loc":{"start":{"line":21,"column":36},"end":{"line":24,"column":null}},"line":21},"2":{"name":"(anonymous_2)","decl":{"start":{"line":32,"column":29},"end":{"line":32,"column":30}},"loc":{"start":{"line":32,"column":36},"end":{"line":35,"column":null}},"line":32}},"branchMap":{},"s":{"0":20,"1":3,"2":3,"3":2,"4":2},"f":{"0":20,"1":3,"2":2},"b":{},"meta":{"lastBranch":0,"lastFunction":3,"lastStatement":5,"seen":{"f:10:9:10:14":0,"s:11:4:43:Infinity":0,"f:21:29:21:30":1,"s:22:24:22:Infinity":1,"s:23:24:23:Infinity":2,"f:32:29:32:30":2,"s:33:24:33:Infinity":3,"s:34:24:34:Infinity":4}}}
,"/home/anna/code/Trelloclone/Trello/src/pages/Board/components/List/List.tsx": {"path":"/home/anna/code/Trelloclone/Trello/src/pages/Board/components/List/List.tsx","statementMap":{"0":{"start":{"line":20,"column":8},"end":{"line":20,"column":null}},"1":{"start":{"line":21,"column":8},"end":{"line":21,"column":null}},"2":{"start":{"line":25,"column":8},"end":{"line":25,"column":null}},"3":{"start":{"line":29,"column":8},"end":{"line":29,"column":null}},"4":{"start":{"line":30,"column":21},"end":{"line":30,"column":null}},"5":{"start":{"line":31,"column":28},"end":{"line":31,"column":null}},"6":{"start":{"line":32,"column":8},"end":{"line":32,"column":null}},"7":{"start":{"line":35,"column":4},"end":{"line":85,"column":null}},"8":{"start":{"line":46,"column":39},"end":{"line":46,"column":null}},"9":{"start":{"line":54,"column":39},"end":{"line":54,"column":null}},"10":{"start":{"line":65,"column":20},"end":{"line":76,"column":null}},"11":{"start":{"line":68,"column":44},"end":{"line":68,"column":null}}},"fnMap":{"0":{"name":"List","decl":{"start":{"line":18,"column":9},"end":{"line":18,"column":14}},"loc":{"start":{"line":18,"column":109},"end":{"line":87,"column":null}},"line":18},"1":{"name":"dragStart","decl":{"start":{"line":19,"column":13},"end":{"line":19,"column":23}},"loc":{"start":{"line":19,"column":59},"end":{"line":22,"column":null}},"line":19},"2":{"name":"dragOver","decl":{"start":{"line":24,"column":13},"end":{"line":24,"column":23}},"loc":{"start":{"line":24,"column":43},"end":{"line":26,"column":null}},"line":24},"3":{"name":"dragDrop","decl":{"start":{"line":28,"column":13},"end":{"line":28,"column":22}},"loc":{"start":{"line":28,"column":41},"end":{"line":33,"column":null}},"line":28},"4":{"name":"(anonymous_4)","decl":{"start":{"line":46,"column":33},"end":{"line":46,"column":39}},"loc":{"start":{"line":46,"column":39},"end":{"line":46,"column":null}},"line":46},"5":{"name":"(anonymous_5)","decl":{"start":{"line":54,"column":33},"end":{"line":54,"column":39}},"loc":{"start":{"line":54,"column":39},"end":{"line":54,"column":null}},"line":54},"6":{"name":"(anonymous_6)","decl":{"start":{"line":64,"column":27},"end":{"line":64,"column":null}},"loc":{"start":{"line":65,"column":20},"end":{"line":76,"column":null}},"line":65},"7":{"name":"(anonymous_7)","decl":{"start":{"line":68,"column":37},"end":{"line":68,"column":38}},"loc":{"start":{"line":68,"column":44},"end":{"line":68,"column":null}},"line":68}},"branchMap":{"0":{"loc":{"start":{"line":79,"column":17},"end":{"line":82,"column":null}},"type":"binary-expr","locations":[{"start":{"line":79,"column":17},"end":{"line":79,"column":null}},{"start":{"line":80,"column":20},"end":{"line":82,"column":null}}],"line":79}},"s":{"0":1,"1":1,"2":0,"3":1,"4":1,"5":1,"6":1,"7":25,"8":2,"9":2,"10":32,"11":1},"f":{"0":25,"1":1,"2":0,"3":1,"4":2,"5":2,"6":32,"7":1},"b":{"0":[25,1]},"meta":{"lastBranch":1,"lastFunction":8,"lastStatement":12,"seen":{"f:18:9:18:14":0,"f:19:13:19:23":1,"s:20:8:20:Infinity":0,"s:21:8:21:Infinity":1,"f:24:13:24:23":2,"s:25:8:25:Infinity":2,"f:28:13:28:22":3,"s:29:8:29:Infinity":3,"s:30:21:30:Infinity":4,"s:31:28:31:Infinity":5,"s:32:8:32:Infinity":6,"s:35:4:85:Infinity":7,"f:46:33:46:39":4,"s:46:39:46:Infinity":8,"f:54:33:54:39":5,"s:54:39:54:Infinity":9,"f:64:27:64:Infinity":6,"s:65:20:76:Infinity":10,"f:68:37:68:38":7,"s:68:44:68:Infinity":11,"b:79:17:79:Infinity:80:20:82:Infinity":0}}}
,"/home/anna/code/Trelloclone/Trello/src/pages/Home/Home.tsx": {"path":"/home/anna/code/Trelloclone/Trello/src/pages/Home/Home.tsx","statementMap":{"0":{"start":{"line":14,"column":10},"end":{"line":14,"column":null}},"1":{"start":{"line":15,"column":38},"end":{"line":15,"column":null}},"2":{"start":{"line":16,"column":34},"end":{"line":16,"column":null}},"3":{"start":{"line":18,"column":38},"end":{"line":18,"column":null}},"4":{"start":{"line":19,"column":40},"end":{"line":19,"column":null}},"5":{"start":{"line":20,"column":25},"end":{"line":20,"column":null}},"6":{"start":{"line":22,"column":32},"end":{"line":22,"column":null}},"7":{"start":{"line":24,"column":30},"end":{"line":29,"column":null}},"8":{"start":{"line":25,"column":24},"end":{"line":25,"column":null}},"9":{"start":{"line":26,"column":8},"end":{"line":28,"column":null}},"10":{"start":{"line":27,"column":12},"end":{"line":27,"column":null}},"11":{"start":{"line":31,"column":19},"end":{"line":35,"column":null}},"12":{"start":{"line":32,"column":8},"end":{"line":32,"column":null}},"13":{"start":{"line":33,"column":8},"end":{"line":33,"column":null}},"14":{"start":{"line":34,"column":8},"end":{"line":34,"column":null}},"15":{"start":{"line":37,"column":4},"end":{"line":63,"column":null}},"16":{"start":{"line":49,"column":36},"end":{"line":49,"column":null}},"17":{"start":{"line":53,"column":82},"end":{"line":53,"column":105}},"18":{"start":{"line":53,"column":203},"end":{"line":53,"column":235}}},"fnMap":{"0":{"name":"Home","decl":{"start":{"line":13,"column":9},"end":{"line":13,"column":16}},"loc":{"start":{"line":13,"column":16},"end":{"line":65,"column":null}},"line":13},"1":{"name":"(anonymous_1)","decl":{"start":{"line":24,"column":30},"end":{"line":24,"column":37}},"loc":{"start":{"line":24,"column":69},"end":{"line":29,"column":null}},"line":24},"2":{"name":"(anonymous_2)","decl":{"start":{"line":31,"column":19},"end":{"line":31,"column":25}},"loc":{"start":{"line":31,"column":25},"end":{"line":35,"column":null}},"line":31},"3":{"name":"(anonymous_3)","decl":{"start":{"line":48,"column":44},"end":{"line":48,"column":null}},"loc":{"start":{"line":49,"column":36},"end":{"line":49,"column":null}},"line":49},"4":{"name":"(anonymous_4)","decl":{"start":{"line":53,"column":76},"end":{"line":53,"column":82}},"loc":{"start":{"line":53,"column":82},"end":{"line":53,"column":105}},"line":53},"5":{"name":"(anonymous_5)","decl":{"start":{"line":53,"column":182},"end":{"line":53,"column":183}},"loc":{"start":{"line":53,"column":203},"end":{"line":53,"column":235}},"line":53}},"branchMap":{"0":{"loc":{"start":{"line":20,"column":25},"end":{"line":20,"column":null}},"type":"binary-expr","locations":[{"start":{"line":20,"column":25},"end":{"line":20,"column":85}},{"start":{"line":20,"column":85},"end":{"line":20,"column":null}}],"line":20},"1":{"loc":{"start":{"line":25,"column":48},"end":{"line":25,"column":66}},"type":"binary-expr","locations":[{"start":{"line":25,"column":48},"end":{"line":25,"column":57}},{"start":{"line":25,"column":57},"end":{"line":25,"column":66}}],"line":25},"2":{"loc":{"start":{"line":26,"column":8},"end":{"line":28,"column":null}},"type":"if","locations":[{"start":{"line":26,"column":8},"end":{"line":28,"column":null}},{"start":{},"end":{}}],"line":26},"3":{"loc":{"start":{"line":45,"column":21},"end":{"line":54,"column":null}},"type":"binary-expr","locations":[{"start":{"line":45,"column":21},"end":{"line":45,"column":null}},{"start":{"line":46,"column":24},"end":{"line":54,"column":null}}],"line":45},"4":{"loc":{"start":{"line":57,"column":21},"end":{"line":58,"column":null}},"type":"binary-expr","locations":[{"start":{"line":57,"column":21},"end":{"line":57,"column":null}},{"start":{"line":58,"column":24},"end":{"line":58,"column":null}}],"line":57}},"s":{"0":26,"1":26,"2":26,"3":26,"4":26,"5":26,"6":26,"7":26,"8":3,"9":3,"10":2,"11":26,"12":2,"13":2,"14":2,"15":26,"16":46,"17":1,"18":3},"f":{"0":26,"1":3,"2":2,"3":46,"4":1,"5":3},"b":{"0":[26,1],"1":[3,0],"2":[2,1],"3":[26,24],"4":[26,2]},"meta":{"lastBranch":5,"lastFunction":6,"lastStatement":19,"seen":{"f:13:9:13:16":0,"s:14:10:14:Infinity":0,"s:15:38:15:Infinity":1,"s:16:34:16:Infinity":2,"s:18:38:18:Infinity":3,"s:19:40:19:Infinity":4,"s:20:25:20:Infinity":5,"b:20:25:20:85:20:85:20:Infinity":0,"s:22:32:22:Infinity":6,"s:24:30:29:Infinity":7,"f:24:30:24:37":1,"s:25:24:25:Infinity":8,"b:25:48:25:57:25:57:25:66":1,"b:26:8:28:Infinity:undefined:undefined:undefined:undefined":2,"s:26:8:28:Infinity":9,"s:27:12:27:Infinity":10,"s:31:19:35:Infinity":11,"f:31:19:31:25":2,"s:32:8:32:Infinity":12,"s:33:8:33:Infinity":13,"s:34:8:34:Infinity":14,"s:37:4:63:Infinity":15,"b:45:21:45:Infinity:46:24:54:Infinity":3,"f:48:44:48:Infinity":3,"s:49:36:49:Infinity":16,"f:53:76:53:82":4,"s:53:82:53:105":17,"f:53:182:53:183":5,"s:53:203:53:235":18,"b:57:21:57:Infinity:58:24:58:Infinity":4}}}
,"/home/anna/code/Trelloclone/Trello/src/pages/Home/components/BoardComponent/BoardComponent.tsx": {"path":"/home/anna/code/Trelloclone/Trello/src/pages/Home/components/BoardComponent/BoardComponent.tsx","statementMap":{"0":{"start":{"line":11,"column":23},"end":{"line":11,"column":null}},"1":{"start":{"line":12,"column":4},"end":{"line":17,"column":null}}},"fnMap":{"0":{"name":"BoardComponent","decl":{"start":{"line":10,"column":9},"end":{"line":10,"column":24}},"loc":{"start":{"line":10,"column":56},"end":{"line":19,"column":null}},"line":10}},"branchMap":{"0":{"loc":{"start":{"line":11,"column":23},"end":{"line":11,"column":null}},"type":"binary-expr","locations":[{"start":{"line":11,"column":23},"end":{"line":11,"column":51}},{"start":{"line":11,"column":51},"end":{"line":11,"column":null}}],"line":11}},"s":{"0":7,"1":7},"f":{"0":7},"b":{"0":[7,1]},"meta":{"lastBranch":1,"lastFunction":1,"lastStatement":2,"seen":{"f:10:9:10:24":0,"s:11:23:11:Infinity":0,"b:11:23:11:51:11:51:11:Infinity":0,"s:12:4:17:Infinity":1}}}
,"/home/anna/code/Trelloclone/Trello/src/pages/Home/components/Header/Header.tsx": {"path":"/home/anna/code/Trelloclone/Trello/src/pages/Home/components/Header/Header.tsx","statementMap":{"0":{"start":{"line":11,"column":15},"end":{"line":40,"column":null}},"1":{"start":{"line":12,"column":4},"end":{"line":38,"column":null}},"2":{"start":{"line":25,"column":47},"end":{"line":25,"column":null}}},"fnMap":{"0":{"name":"(anonymous_0)","decl":{"start":{"line":11,"column":15},"end":{"line":11,"column":16}},"loc":{"start":{"line":11,"column":85},"end":{"line":40,"column":null}},"line":11},"1":{"name":"(anonymous_1)","decl":{"start":{"line":25,"column":41},"end":{"line":25,"column":47}},"loc":{"start":{"line":25,"column":47},"end":{"line":25,"column":null}},"line":25}},"branchMap":{"0":{"loc":{"start":{"line":16,"column":29},"end":{"line":16,"column":null}},"type":"cond-expr","locations":[{"start":{"line":16,"column":53},"end":{"line":16,"column":68}},{"start":{"line":16,"column":68},"end":{"line":16,"column":null}}],"line":16},"1":{"loc":{"start":{"line":23,"column":25},"end":{"line":29,"column":null}},"type":"binary-expr","locations":[{"start":{"line":23,"column":25},"end":{"line":23,"column":null}},{"start":{"line":24,"column":28},"end":{"line":29,"column":null}}],"line":23}},"s":{"0":1,"1":8,"2":1},"f":{"0":8,"1":1},"b":{"0":[6,2],"1":[8,6]},"meta":{"lastBranch":2,"lastFunction":2,"lastStatement":3,"seen":{"s:11:15:40:Infinity":0,"f:11:15:11:16":0,"s:12:4:38:Infinity":1,"b:16:53:16:68:16:68:16:Infinity":0,"b:23:25:23:Infinity:24:28:29:Infinity":1,"f:25:41:25:47":1,"s:25:47:25:Infinity":2}}}
,"/home/anna/code/Trelloclone/Trello/src/pages/Home/components/Settings/Settings.tsx": {"path":"/home/anna/code/Trelloclone/Trello/src/pages/Home/components/Settings/Settings.tsx","statementMap":{"0":{"start":{"line":9,"column":17},"end":{"line":40,"column":null}},"1":{"start":{"line":10,"column":28},"end":{"line":10,"column":null}},"2":{"start":{"line":11,"column":4},"end":{"line":38,"column":null}},"3":{"start":{"line":21,"column":28},"end":{"line":21,"column":null}},"4":{"start":{"line":21,"column":63},"end":{"line":21,"column":86}},"5":{"start":{"line":33,"column":37},"end":{"line":33,"column":null}}},"fnMap":{"0":{"name":"(anonymous_0)","decl":{"start":{"line":9,"column":17},"end":{"line":9,"column":18}},"loc":{"start":{"line":9,"column":111},"end":{"line":40,"column":null}},"line":9},"1":{"name":"(anonymous_1)","decl":{"start":{"line":20,"column":45},"end":{"line":20,"column":null}},"loc":{"start":{"line":21,"column":28},"end":{"line":21,"column":null}},"line":21},"2":{"name":"(anonymous_2)","decl":{"start":{"line":21,"column":57},"end":{"line":21,"column":63}},"loc":{"start":{"line":21,"column":63},"end":{"line":21,"column":86}},"line":21},"3":{"name":"(anonymous_3)","decl":{"start":{"line":33,"column":30},"end":{"line":33,"column":31}},"loc":{"start":{"line":33,"column":37},"end":{"line":33,"column":null}},"line":33}},"branchMap":{"0":{"loc":{"start":{"line":21,"column":170},"end":{"line":21,"column":355}},"type":"cond-expr","locations":[{"start":{"line":21,"column":194},"end":{"line":21,"column":276}},{"start":{"line":21,"column":276},"end":{"line":21,"column":355}}],"line":21}},"s":{"0":1,"1":6,"2":6,"3":54,"4":1,"5":1},"f":{"0":6,"1":54,"2":1,"3":1},"b":{"0":[6,48]},"meta":{"lastBranch":1,"lastFunction":4,"lastStatement":6,"seen":{"s:9:17:40:Infinity":0,"f:9:17:9:18":0,"s:10:28:10:Infinity":1,"s:11:4:38:Infinity":2,"f:20:45:20:Infinity":1,"s:21:28:21:Infinity":3,"f:21:57:21:63":2,"s:21:63:21:86":4,"b:21:194:21:276:21:276:21:355":0,"f:33:30:33:31":3,"s:33:37:33:Infinity":5}}}
,"/home/anna/code/Trelloclone/Trello/src/pages/Home/components/SideBar/SideBar.tsx": {"path":"/home/anna/code/Trelloclone/Trello/src/pages/Home/components/SideBar/SideBar.tsx","statementMap":{"0":{"start":{"line":8,"column":23},"end":{"line":17,"column":null}},"1":{"start":{"line":9,"column":4},"end":{"line":15,"column":null}},"2":{"start":{"line":12,"column":39},"end":{"line":12,"column":62}},"3":{"start":{"line":13,"column":39},"end":{"line":13,"column":69}}},"fnMap":{"0":{"name":"(anonymous_0)","decl":{"start":{"line":8,"column":23},"end":{"line":8,"column":24}},"loc":{"start":{"line":8,"column":70},"end":{"line":17,"column":null}},"line":8},"1":{"name":"(anonymous_1)","decl":{"start":{"line":12,"column":33},"end":{"line":12,"column":39}},"loc":{"start":{"line":12,"column":39},"end":{"line":12,"column":62}},"line":12},"2":{"name":"(anonymous_2)","decl":{"start":{"line":13,"column":33},"end":{"line":13,"column":39}},"loc":{"start":{"line":13,"column":39},"end":{"line":13,"column":69}},"line":13}},"branchMap":{"0":{"loc":{"start":{"line":12,"column":156},"end":{"line":12,"column":247}},"type":"cond-expr","locations":[{"start":{"line":12,"column":180},"end":{"line":12,"column":214}},{"start":{"line":12,"column":214},"end":{"line":12,"column":247}}],"line":12},"1":{"loc":{"start":{"line":13,"column":164},"end":{"line":13,"column":262}},"type":"cond-expr","locations":[{"start":{"line":13,"column":195},"end":{"line":13,"column":229}},{"start":{"line":13,"column":229},"end":{"line":13,"column":262}}],"line":13}},"s":{"0":1,"1":7,"2":1,"3":2},"f":{"0":7,"1":1,"2":2},"b":{"0":[5,2],"1":[2,5]},"meta":{"lastBranch":2,"lastFunction":3,"lastStatement":4,"seen":{"s:8:23:17:Infinity":0,"f:8:23:8:24":0,"s:9:4:15:Infinity":1,"f:12:33:12:39":1,"s:12:39:12:62":2,"b:12:180:12:214:12:214:12:247":0,"f:13:33:13:39":2,"s:13:39:13:69":3,"b:13:195:13:229:13:229:13:262":1}}}
,"/home/anna/code/Trelloclone/Trello/src/pages/Login/Login.tsx": {"path":"/home/anna/code/Trelloclone/Trello/src/pages/Login/Login.tsx","statementMap":{"0":{"start":{"line":17,"column":4},"end":{"line":17,"column":null}},"1":{"start":{"line":19,"column":18},"end":{"line":19,"column":null}},"2":{"start":{"line":21,"column":48},"end":{"line":23,"column":null}},"3":{"start":{"line":22,"column":8},"end":{"line":22,"column":null}},"4":{"start":{"line":25,"column":22},"end":{"line":27,"column":null}},"5":{"start":{"line":26,"column":8},"end":{"line":26,"column":null}},"6":{"start":{"line":29,"column":25},"end":{"line":29,"column":null}},"7":{"start":{"line":31,"column":4},"end":{"line":130,"column":null}}},"fnMap":{"0":{"name":"Login","decl":{"start":{"line":12,"column":9},"end":{"line":12,"column":17}},"loc":{"start":{"line":12,"column":17},"end":{"line":132,"column":null}},"line":12},"1":{"name":"(anonymous_1)","decl":{"start":{"line":21,"column":48},"end":{"line":21,"column":49}},"loc":{"start":{"line":21,"column":58},"end":{"line":23,"column":null}},"line":21},"2":{"name":"(anonymous_2)","decl":{"start":{"line":25,"column":35},"end":{"line":25,"column":41}},"loc":{"start":{"line":25,"column":41},"end":{"line":27,"column":5}},"line":25}},"branchMap":{"0":{"loc":{"start":{"line":26,"column":15},"end":{"line":26,"column":null}},"type":"binary-expr","locations":[{"start":{"line":26,"column":15},"end":{"line":26,"column":55}},{"start":{"line":26,"column":55},"end":{"line":26,"column":null}}],"line":26},"1":{"loc":{"start":{"line":29,"column":25},"end":{"line":29,"column":null}},"type":"binary-expr","locations":[{"start":{"line":29,"column":25},"end":{"line":29,"column":85}},{"start":{"line":29,"column":85},"end":{"line":29,"column":null}}],"line":29},"2":{"loc":{"start":{"line":76,"column":29},"end":{"line":79,"column":null}},"type":"binary-expr","locations":[{"start":{"line":76,"column":29},"end":{"line":76,"column":null}},{"start":{"line":77,"column":32},"end":{"line":79,"column":null}}],"line":76},"3":{"loc":{"start":{"line":103,"column":29},"end":{"line":106,"column":null}},"type":"binary-expr","locations":[{"start":{"line":103,"column":29},"end":{"line":103,"column":null}},{"start":{"line":104,"column":32},"end":{"line":106,"column":null}}],"line":103}},"s":{"0":15,"1":15,"2":15,"3":1,"4":15,"5":6,"6":15,"7":15},"f":{"0":15,"1":1,"2":6},"b":{"0":[6,5],"1":[15,0],"2":[15,2],"3":[15,2]},"meta":{"lastBranch":4,"lastFunction":3,"lastStatement":8,"seen":{"f:12:9:12:17":0,"s:17:4:17:Infinity":0,"s:19:18:19:Infinity":1,"s:21:48:23:Infinity":2,"f:21:48:21:49":1,"s:22:8:22:Infinity":3,"s:25:22:27:Infinity":4,"f:25:35:25:41":2,"s:26:8:26:Infinity":5,"b:26:15:26:55:26:55:26:Infinity":0,"s:29:25:29:Infinity":6,"b:29:25:29:85:29:85:29:Infinity":1,"s:31:4:130:Infinity":7,"b:76:29:76:Infinity:77:32:79:Infinity":2,"b:103:29:103:Infinity:104:32:106:Infinity":3}}}
,"/home/anna/code/Trelloclone/Trello/src/pages/Register/Register.tsx": {"path":"/home/anna/code/Trelloclone/Trello/src/pages/Register/Register.tsx","statementMap":{"0":{"start":{"line":19,"column":4},"end":{"line":19,"column":null}},"1":{"start":{"line":21,"column":35},"end":{"line":21,"column":null}},"2":{"start":{"line":22,"column":26},"end":{"line":22,"column":null}},"3":{"start":{"line":24,"column":52},"end":{"line":26,"column":null}},"4":{"start":{"line":25,"column":8},"end":{"line":25,"column":null}},"5":{"start":{"line":28,"column":22},"end":{"line":30,"column":null}},"6":{"start":{"line":29,"column":8},"end":{"line":29,"column":null}},"7":{"start":{"line":32,"column":25},"end":{"line":32,"column":null}},"8":{"start":{"line":34,"column":4},"end":{"line":151,"column":null}},"9":{"start":{"line":121,"column":61},"end":{"line":121,"column":null}}},"fnMap":{"0":{"name":"Register","decl":{"start":{"line":13,"column":9},"end":{"line":13,"column":20}},"loc":{"start":{"line":13,"column":20},"end":{"line":153,"column":null}},"line":13},"1":{"name":"(anonymous_1)","decl":{"start":{"line":24,"column":52},"end":{"line":24,"column":53}},"loc":{"start":{"line":24,"column":62},"end":{"line":26,"column":null}},"line":24},"2":{"name":"(anonymous_2)","decl":{"start":{"line":28,"column":35},"end":{"line":28,"column":41}},"loc":{"start":{"line":28,"column":41},"end":{"line":30,"column":5}},"line":28},"3":{"name":"(anonymous_3)","decl":{"start":{"line":121,"column":50},"end":{"line":121,"column":51}},"loc":{"start":{"line":121,"column":61},"end":{"line":121,"column":null}},"line":121}},"branchMap":{"0":{"loc":{"start":{"line":29,"column":15},"end":{"line":29,"column":null}},"type":"binary-expr","locations":[{"start":{"line":29,"column":15},"end":{"line":29,"column":55}},{"start":{"line":29,"column":55},"end":{"line":29,"column":null}}],"line":29},"1":{"loc":{"start":{"line":32,"column":25},"end":{"line":32,"column":null}},"type":"binary-expr","locations":[{"start":{"line":32,"column":25},"end":{"line":32,"column":85}},{"start":{"line":32,"column":85},"end":{"line":32,"column":null}}],"line":32},"2":{"loc":{"start":{"line":72,"column":29},"end":{"line":75,"column":null}},"type":"binary-expr","locations":[{"start":{"line":72,"column":29},"end":{"line":72,"column":null}},{"start":{"line":73,"column":32},"end":{"line":75,"column":null}}],"line":72},"3":{"loc":{"start":{"line":99,"column":29},"end":{"line":102,"column":null}},"type":"binary-expr","locations":[{"start":{"line":99,"column":29},"end":{"line":99,"column":null}},{"start":{"line":100,"column":32},"end":{"line":102,"column":null}}],"line":99},"4":{"loc":{"start":{"line":121,"column":61},"end":{"line":121,"column":null}},"type":"binary-expr","locations":[{"start":{"line":121,"column":61},"end":{"line":121,"column":88}},{"start":{"line":121,"column":88},"end":{"line":121,"column":null}}],"line":121},"5":{"loc":{"start":{"line":126,"column":29},"end":{"line":129,"column":null}},"type":"binary-expr","locations":[{"start":{"line":126,"column":29},"end":{"line":126,"column":null}},{"start":{"line":127,"column":32},"end":{"line":129,"column":null}}],"line":126}},"s":{"0":12,"1":12,"2":12,"3":12,"4":1,"5":12,"6":4,"7":12,"8":12,"9":2},"f":{"0":12,"1":1,"2":4,"3":2},"b":{"0":[4,4],"1":[12,0],"2":[12,1],"3":[12,0],"4":[2,1],"5":[12,1]},"meta":{"lastBranch":6,"lastFunction":4,"lastStatement":10,"seen":{"f:13:9:13:20":0,"s:19:4:19:Infinity":0,"s:21:35:21:Infinity":1,"s:22:26:22:Infinity":2,"s:24:52:26:Infinity":3,"f:24:52:24:53":1,"s:25:8:25:Infinity":4,"s:28:22:30:Infinity":5,"f:28:35:28:41":2,"s:29:8:29:Infinity":6,"b:29:15:29:55:29:55:29:Infinity":0,"s:32:25:32:Infinity":7,"b:32:25:32:85:32:85:32:Infinity":1,"s:34:4:151:Infinity":8,"b:72:29:72:Infinity:73:32:75:Infinity":2,"b:99:29:99:Infinity:100:32:102:Infinity":3,"f:121:50:121:51":3,"s:121:61:121:Infinity":9,"b:121:61:121:88:121:88:121:Infinity":4,"b:126:29:126:Infinity:127:32:129:Infinity":5}}}
}
